#
# There is insufficient memory for the Java Runtime Environment to continue.
# Native memory allocation (malloc) failed to allocate 1048576 bytes for AllocateHeap
# Possible reasons:
#   The system is out of physical RAM or swap space
#   The process is running with CompressedOops enabled, and the Java Heap may be blocking the growth of the native heap
# Possible solutions:
#   Reduce memory load on the system
#   Increase physical memory or swap space
#   Check if swap backing store is full
#   Decrease Java heap size (-Xmx/-Xms)
#   Decrease number of Java threads
#   Decrease Java thread stack sizes (-Xss)
#   Set larger code cache with -XX:ReservedCodeCacheSize=
#   JVM is running with Zero Based Compressed Oops mode in which the Java heap is
#     placed in the first 32GB address space. The Java Heap base address is the
#     maximum limit for the native heap growth. Please use -XX:HeapBaseMinAddress
#     to set the Java Heap base and to place the Java Heap above 32GB virtual address.
# This output file may be truncated or incomplete.
#
#  Out of Memory Error (memory/allocation.inline.hpp:61), pid=10304, tid=0x0000000000005d48
#
# JRE version:  (8.0_211-b12) (build )
# Java VM: Java HotSpot(TM) 64-Bit Server VM (25.211-b12 mixed mode windows-amd64 compressed oops)
# Failed to write core dump. Minidumps are not enabled by default on client versions of Windows
#

---------------  T H R E A D  ---------------

Current thread (0x0000000002d36800):  JavaThread "Unknown thread" [_thread_in_vm, id=23880, stack(0x0000000002b30000,0x0000000002c30000)]

Stack: [0x0000000002b30000,0x0000000002c30000]
[error occurred during error reporting (printing stack bounds), id 0xc0000005]

Native frames: (J=compiled Java code, j=interpreted, Vv=VM code, C=native code)


---------------  P R O C E S S  ---------------

Java Threads: ( => current thread )

Other Threads:

=>0x0000000002d36800 (exited) JavaThread "Unknown thread" [_thread_in_vm, id=23880, stack(0x0000000002b30000,0x0000000002c30000)]

VM state:not at safepoint (normal execution)

VM Mutex/Monitor currently owned by a thread: None

heap address: 0x00000006c3a00000, size: 4038 MB, Compressed Oops mode: Zero based, Oop shift amount: 3
Narrow klass base: 0x0000000000000000, Narrow klass shift: 3
Compressed class space size: 1073741824 Address: 0x00000007c0000000

Heap:
 PSYoungGen      total 75776K, used 1300K [0x000000076be00000, 0x0000000771280000, 0x00000007c0000000)
  eden space 65024K, 2% used [0x000000076be00000,0x000000076bf451f8,0x000000076fd80000)
  from space 10752K, 0% used [0x0000000770800000,0x0000000770800000,0x0000000771280000)
  to   space 10752K, 0% used [0x000000076fd80000,0x000000076fd80000,0x0000000770800000)
 ParOldGen       total 173568K, used 0K [0x00000006c3a00000, 0x00000006ce380000, 0x000000076be00000)
  object space 173568K, 0% used [0x00000006c3a00000,0x00000006c3a00000,0x00000006ce380000)
 Metaspace       used 775K, capacity 4480K, committed 4480K, reserved 1056768K
  class space    used 76K, capacity 384K, committed 384K, reserved 1048576K

Card table byte_map: [0x00000000121f0000,0x00000000129e0000] byte_map_base: 0x000000000ebd3000

Marking Bits: (ParMarkBitMap*) 0x0000000073d85ce0
 Begin Bits: [0x0000000013730000, 0x0000000017648000)
 End Bits:   [0x0000000017648000, 0x000000001b560000)

Polling page: 0x0000000000c10000

CodeCache: size=245760Kb used=328Kb max_used=328Kb free=245431Kb
 bounds [0x0000000002e30000, 0x00000000030a0000, 0x0000000011e30000]
 total_blobs=58 nmethods=0 adapters=38
 compilation: enabled

Compilation events (0 events):
No events

GC Heap History (0 events):
No events

Deoptimization events (0 events):
No events

Classes redefined (0 events):
No events

Internal exceptions (0 events):
No events

Events (10 events):
Event: 0.026 loading class java/lang/Short
Event: 0.026 loading class java/lang/Short done
Event: 0.026 loading class java/lang/Integer
Event: 0.026 loading class java/lang/Integer done
Event: 0.026 loading class java/lang/Long
Event: 0.026 loading class java/lang/Long done
Event: 0.027 loading class java/lang/NullPointerException
Event: 0.027 loading class java/lang/NullPointerException done
Event: 0.027 loading class java/lang/ArithmeticException
Event: 0.027 loading class java/lang/ArithmeticException done


Dynamic libraries:
0x00007ff684ce0000 - 0x00007ff684d17000 	C:\Program Files\Java\jdk1.8.0_211\bin\java.exe
0x00007ff9914d0000 - 0x00007ff9916c8000 	C:\WINDOWS\SYSTEM32\ntdll.dll
0x00007ff9913d0000 - 0x00007ff99148d000 	C:\WINDOWS\System32\KERNEL32.DLL
0x00007ff98f040000 - 0x00007ff98f30e000 	C:\WINDOWS\System32\KERNELBASE.dll
0x00007ff9909c0000 - 0x00007ff990a6e000 	C:\WINDOWS\System32\ADVAPI32.dll
0x00007ff990f00000 - 0x00007ff990f9e000 	C:\WINDOWS\System32\msvcrt.dll
0x00007ff990b20000 - 0x00007ff990bbc000 	C:\WINDOWS\System32\sechost.dll
0x00007ff990fa0000 - 0x00007ff9910c5000 	C:\WINDOWS\System32\RPCRT4.dll
0x00007ff9910d0000 - 0x00007ff991270000 	C:\WINDOWS\System32\USER32.dll
0x00007ff98ecf0000 - 0x00007ff98ed12000 	C:\WINDOWS\System32\win32u.dll
0x00007ff990270000 - 0x00007ff99029a000 	C:\WINDOWS\System32\GDI32.dll
0x00007ff98ed90000 - 0x00007ff98ee9b000 	C:\WINDOWS\System32\gdi32full.dll
0x00007ff98efa0000 - 0x00007ff98f03d000 	C:\WINDOWS\System32\msvcp_win.dll
0x00007ff98ebf0000 - 0x00007ff98ecf0000 	C:\WINDOWS\System32\ucrtbase.dll
0x00007ff978120000 - 0x00007ff9783ba000 	C:\WINDOWS\WinSxS\amd64_microsoft.windows.common-controls_6595b64144ccf1df_6.0.19041.1110_none_60b5254171f9507e\COMCTL32.dll
0x00007ff991270000 - 0x00007ff9912a0000 	C:\WINDOWS\System32\IMM32.DLL
0x0000000074110000 - 0x00000000741e2000 	C:\Program Files\Java\jdk1.8.0_211\jre\bin\msvcr100.dll
0x0000000073560000 - 0x0000000073e05000 	C:\Program Files\Java\jdk1.8.0_211\jre\bin\server\jvm.dll
0x00007ff9903c0000 - 0x00007ff9903c8000 	C:\WINDOWS\System32\PSAPI.DLL
0x00007ff986320000 - 0x00007ff98632a000 	C:\WINDOWS\SYSTEM32\VERSION.dll
0x00007ff9884e0000 - 0x00007ff9884e9000 	C:\WINDOWS\SYSTEM32\WSOCK32.dll
0x00007ff97ae00000 - 0x00007ff97ae27000 	C:\WINDOWS\SYSTEM32\WINMM.dll
0x00007ff990bc0000 - 0x00007ff990c2b000 	C:\WINDOWS\System32\WS2_32.dll
0x00007ff986f00000 - 0x00007ff986f0f000 	C:\Program Files\Java\jdk1.8.0_211\jre\bin\verify.dll
0x00007ff963f60000 - 0x00007ff963f89000 	C:\Program Files\Java\jdk1.8.0_211\jre\bin\java.dll
0x00007ff962c60000 - 0x00007ff962c83000 	C:\Program Files\Java\jdk1.8.0_211\jre\bin\instrument.dll
0x00007ff964360000 - 0x00007ff964376000 	C:\Program Files\Java\jdk1.8.0_211\jre\bin\zip.dll

VM Arguments:
jvm_args: -XX:TieredStopAtLevel=1 -Xverify:none -Dspring.output.ansi.enabled=always -Dcom.sun.management.jmxremote -Dspring.jmx.enabled=true -Dspring.liveBeansView.mbeanDomain -Dspring.application.admin.enabled=true -javaagent:C:\Users\claud\AppData\Local\JetBrains\Toolbox\apps\IDEA-U\ch-0\221.5591.52\lib\idea_rt.jar=62978:C:\Users\claud\AppData\Local\JetBrains\Toolbox\apps\IDEA-U\ch-0\221.5591.52\bin -Dfile.encoding=UTF-8 
java_command: com.blaze.demo.DemoApplication
java_class_path (initial): C:\Program Files\Java\jdk1.8.0_211\jre\lib\charsets.jar;C:\Program Files\Java\jdk1.8.0_211\jre\lib\deploy.jar;C:\Program Files\Java\jdk1.8.0_211\jre\lib\ext\access-bridge-64.jar;C:\Program Files\Java\jdk1.8.0_211\jre\lib\ext\cldrdata.jar;C:\Program Files\Java\jdk1.8.0_211\jre\lib\ext\dnsns.jar;C:\Program Files\Java\jdk1.8.0_211\jre\lib\ext\jaccess.jar;C:\Program Files\Java\jdk1.8.0_211\jre\lib\ext\jfxrt.jar;C:\Program Files\Java\jdk1.8.0_211\jre\lib\ext\localedata.jar;C:\Program Files\Java\jdk1.8.0_211\jre\lib\ext\nashorn.jar;C:\Program Files\Java\jdk1.8.0_211\jre\lib\ext\sunec.jar;C:\Program Files\Java\jdk1.8.0_211\jre\lib\ext\sunjce_provider.jar;C:\Program Files\Java\jdk1.8.0_211\jre\lib\ext\sunmscapi.jar;C:\Program Files\Java\jdk1.8.0_211\jre\lib\ext\sunpkcs11.jar;C:\Program Files\Java\jdk1.8.0_211\jre\lib\ext\zipfs.jar;C:\Program Files\Java\jdk1.8.0_211\jre\lib\javaws.jar;C:\Program Files\Java\jdk1.8.0_211\jre\lib\jce.jar;C:\Program Files\Java\jdk1.8.0_211\jre\lib\jfr.jar;C:\Program Files\Java\jdk1.8.0_211\jre\lib\jfxswt.jar;C:\Program Files\Java\jdk1.8.0_211\jre\lib\jsse.jar;C:\Program Files\Java\jdk1.8.0_211\jre\lib\management-agent.jar;C:\Program Files\Java\jdk1.8.0_211\jre\lib\plugin.jar;C:\Program Files\Java\jdk1.8.0_211\jre\lib\resources.jar;C:\Program Files\Java\jdk1.8.0_211\jre\lib\rt.jar;C:\Users\claud\OneDrive\Documentos\blaze\demo\build\classes\java\main;C:\Users\claud\OneDrive\Documentos\blaze\demo\build\resources\main;C:\Users\claud\.gradle\caches\modules-2\files-2.1\org.springframework.boot\spring-boot-starter-web\2.7.2\dd8a77a26900a86d9962598cbbd360f6b69bab5e\spring-boot-starter-web-2.7.2.jar;C:\Users\claud\.gradle\caches\modules-2\files-2.1\org.jongo\jongo\1.3.1\644e7fe493bf7ae2391e5f891deba3888a2054c2\jongo-1.3.1.jar;C:\Users\claud\.gradle\caches\modules-2\files-2.1\org.mongodb\mongo-java-driver\3.12.8\d9e12b2056cea964a3805558382e0d30596444c5\mongo-java-driver-3.12.8.jar;C:\Users\claud\.gradle\caches\modules-2\files-
Launcher Type: SUN_STANDARD

Environment Variables:
PATH=C:\Program Files (x86)\Common Files\Oracle\Java\javapath;C:\WINDOWS\system32;C:\WINDOWS;C:\WINDOWS\System32\Wbem;C:\WINDOWS\System32\WindowsPowerShell\v1.0\;C:\WINDOWS\System32\OpenSSH\;C:\Program Files\MongoDB\Tools\100\bin;C:\xampp\php;C:\composer;C:\Users\claud\AppData\Local\Microsoft\WindowsApps;;C:\Users\claud\AppData\Local\Programs\Microsoft VS Code\bin;C:\Users\claud\AppData\Local\JetBrains\Toolbox\scripts;C:\Users\claud\AppData\Roaming\Composer\vendor\bin
USERNAME=claud
OS=Windows_NT
PROCESSOR_IDENTIFIER=Intel64 Family 6 Model 126 Stepping 5, GenuineIntel



---------------  S Y S T E M  ---------------

OS: Windows 10.0 , 64 bit Build 19041 (10.0.19041.1889)

CPU:total 8 (initial active 8) (4 cores per cpu, 2 threads per core) family 6 model 126 stepping 5, cmov, cx8, fxsr, mmx, sse, sse2, sse3, ssse3, sse4.1, sse4.2, popcnt, avx, avx2, aes, clmul, erms, 3dnowpref, lzcnt, ht, tsc, tscinvbit, bmi1, bmi2, adx

Memory: 4k page, physical 16538964k(596092k free), swap 66870612k(5384k free)

vm_info: Java HotSpot(TM) 64-Bit Server VM (25.211-b12) for windows-amd64 JRE (1.8.0_211-b12), built on Apr  1 2019 20:53:26 by "java_re" with MS VC++ 10.0 (VS2010)

time: Wed Sep 14 23:23:12 2022
timezone: SA Pacific Standard Time
elapsed time: 0 seconds (0d 0h 0m 0s)

